# JRE version: OpenJDK Runtime Environment GraalVM CE 22.3.0 (17.0.5+8) (build 17.0.5+8-jvmci-22.3-b08)
# Java VM: OpenJDK 64-Bit Server VM GraalVM CE 22.3.0 (17.0.5+8-jvmci-22.3-b08, mixed mode, sharing, tiered, jvmci, jvmci compiler, compressed oops, compressed class ptrs, parallel gc, linux-amd64)
GC Precious Log:
 CPUs: 8 total, 1 available
 Memory: 1024M
 Large Page Support: Disabled
 NUMA Support: Disabled
 Compressed Oops: Enabled (32-bit)
 Alignments: Space 512K, Generation 512K, Heap 2M
 Heap Min Capacity: 100M
 Heap Initial Capacity: 100M
 Heap Max Capacity: 512M
 Pre-touch: Disabled
 Parallel Workers: 1
Heap:
 PSYoungGen      total 65536K, used 45568K [0x00000000f5580000, 0x00000000fab00000, 0x0000000100000000)
  eden space 45568K, 100% used [0x00000000f5580000,0x00000000f8200000,0x00000000f8200000)
  from space 19968K, 0% used [0x00000000f8200000,0x00000000f8200000,0x00000000f9580000)
  to   space 17920K, 0% used [0x00000000f9600000,0x00000000f9600000,0x00000000fa780000)
 ParOldGen       total 349696K, used 349695K [0x00000000e0000000, 0x00000000f5580000, 0x00000000f5580000)
  object space 349696K, 99% used [0x00000000e0000000,0x00000000f557fff0,0x00000000f5580000)
 Metaspace       used 57261K, committed 58176K, reserved 1105920K
  class space    used 5624K, committed 6016K, reserved 1048576K
GC Heap History (20 events):
Event: 921.354 GC heap before
{Heap before GC invocations=740 (full 613):
 PSYoungGen      total 65536K, used 45567K [0x00000000f5580000, 0x00000000fab00000, 0x0000000100000000)
  eden space 45568K, 99% used [0x00000000f5580000,0x00000000f81ffff0,0x00000000f8200000)
  from space 19968K, 0% used [0x00000000f8200000,0x00000000f8200000,0x00000000f9580000)
  to   space 17920K, 0% used [0x00000000f9600000,0x00000000f9600000,0x00000000fa780000)
 ParOldGen       total 349696K, used 349695K [0x00000000e0000000, 0x00000000f5580000, 0x00000000f5580000)
  object space 349696K, 99% used [0x00000000e0000000,0x00000000f557ff08,0x00000000f5580000)
 Metaspace       used 57261K, committed 58176K, reserved 1105920K
  class space    used 5624K, committed 6016K, reserved 1048576K
}
Event: 922.931 GC heap after
{Heap after GC invocations=740 (full 613):
 PSYoungGen      total 63488K, used 45567K [0x00000000f5580000, 0x00000000fab00000, 0x0000000100000000)
  eden space 45568K, 99% used [0x00000000f5580000,0x00000000f81fff10,0x00000000f8200000)
  from space 17920K, 0% used [0x00000000f9600000,0x00000000f9600000,0x00000000fa780000)
  to   space 19968K, 0% used [0x00000000f8200000,0x00000000f8200000,0x00000000f9580000)
 ParOldGen       total 349696K, used 349694K [0x00000000e0000000, 0x00000000f5580000, 0x00000000f5580000)
  object space 349696K, 99% used [0x00000000e0000000,0x00000000f557fb98,0x00000000f5580000)
 Metaspace       used 57261K, committed 58176K, reserved 1105920K
  class space    used 5624K, committed 6016K, reserved 1048576K
}
Event: 922.932 GC heap before
{Heap before GC invocations=741 (full 614):
 PSYoungGen      total 63488K, used 45568K [0x00000000f5580000, 0x00000000fab00000, 0x0000000100000000)
  eden space 45568K, 100% used [0x00000000f5580000,0x00000000f8200000,0x00000000f8200000)
  from space 17920K, 0% used [0x00000000f9600000,0x00000000f9600000,0x00000000fa780000)
  to   space 19968K, 0% used [0x00000000f8200000,0x00000000f8200000,0x00000000f9580000)
 ParOldGen       total 349696K, used 349695K [0x00000000e0000000, 0x00000000f5580000, 0x00000000f5580000)
  object space 349696K, 99% used [0x00000000e0000000,0x00000000f557fff0,0x00000000f5580000)
 Metaspace       used 57261K, committed 58176K, reserved 1105920K
  class space    used 5624K, committed 6016K, reserved 1048576K
}
Event: 924.223 GC heap after
{Heap after GC invocations=741 (full 614):
 PSYoungGen      total 65536K, used 45567K [0x00000000f5580000, 0x00000000fab00000, 0x0000000100000000)
  eden space 45568K, 99% used [0x00000000f5580000,0x00000000f81fffe8,0x00000000f8200000)
  from space 19968K, 0% used [0x00000000f8200000,0x00000000f8200000,0x00000000f9580000)
  to   space 17920K, 0% used [0x00000000f9600000,0x00000000f9600000,0x00000000fa780000)
 ParOldGen       total 349696K, used 349695K [0x00000000e0000000, 0x00000000f5580000, 0x00000000f5580000)
  object space 349696K, 99% used [0x00000000e0000000,0x00000000f557fee0,0x00000000f5580000)
 Metaspace       used 57261K, committed 58176K, reserved 1105920K
  class space    used 5624K, committed 6016K, reserved 1048576K
}
Event: 924.231 GC heap before
{Heap before GC invocations=742 (full 615):
 PSYoungGen      total 65536K, used 45568K [0x00000000f5580000, 0x00000000fab00000, 0x0000000100000000)
  eden space 45568K, 100% used [0x00000000f5580000,0x00000000f8200000,0x00000000f8200000)
  from space 19968K, 0% used [0x00000000f8200000,0x00000000f8200000,0x00000000f9580000)
  to   space 17920K, 0% used [0x00000000f9600000,0x00000000f9600000,0x00000000fa780000)
 ParOldGen       total 349696K, used 349695K [0x00000000e0000000, 0x00000000f5580000, 0x00000000f5580000)
  object space 349696K, 99% used [0x00000000e0000000,0x00000000f557fee0,0x00000000f5580000)
 Metaspace       used 57261K, committed 58176K, reserved 1105920K
  class space    used 5624K, committed 6016K, reserved 1048576K
}
Event: 925.556 GC heap after
{Heap after GC invocations=742 (full 615):
 PSYoungGen      total 63488K, used 45568K [0x00000000f5580000, 0x00000000fab00000, 0x0000000100000000)
  eden space 45568K, 100% used [0x00000000f5580000,0x00000000f8200000,0x00000000f8200000)
  from space 17920K, 0% used [0x00000000f9600000,0x00000000f9600000,0x00000000fa780000)
  to   space 19968K, 0% used [0x00000000f8200000,0x00000000f8200000,0x00000000f9580000)
 ParOldGen       total 349696K, used 349695K [0x00000000e0000000, 0x00000000f5580000, 0x00000000f5580000)
  object space 349696K, 99% used [0x00000000e0000000,0x00000000f557fee0,0x00000000f5580000)
 Metaspace       used 57261K, committed 58176K, reserved 1105920K
  class space    used 5624K, committed 6016K, reserved 1048576K
}
Event: 925.556 GC heap before
{Heap before GC invocations=743 (full 616):
 PSYoungGen      total 63488K, used 45568K [0x00000000f5580000, 0x00000000fab00000, 0x0000000100000000)
  eden space 45568K, 100% used [0x00000000f5580000,0x00000000f8200000,0x00000000f8200000)
  from space 17920K, 0% used [0x00000000f9600000,0x00000000f9600000,0x00000000fa780000)
  to   space 19968K, 0% used [0x00000000f8200000,0x00000000f8200000,0x00000000f9580000)
 ParOldGen       total 349696K, used 349695K [0x00000000e0000000, 0x00000000f5580000, 0x00000000f5580000)
  object space 349696K, 99% used [0x00000000e0000000,0x00000000f557ffd0,0x00000000f5580000)
 Metaspace       used 57261K, committed 58176K, reserved 1105920K
  class space    used 5624K, committed 6016K, reserved 1048576K
}
Event: 927.019 GC heap after
{Heap after GC invocations=743 (full 616):
 PSYoungGen      total 65536K, used 45567K [0x00000000f5580000, 0x00000000fab00000, 0x0000000100000000)
  eden space 45568K, 99% used [0x00000000f5580000,0x00000000f81fffd8,0x00000000f8200000)
  from space 19968K, 0% used [0x00000000f8200000,0x00000000f8200000,0x00000000f9580000)
  to   space 17920K, 0% used [0x00000000f9600000,0x00000000f9600000,0x00000000fa780000)
 ParOldGen       total 349696K, used 349695K [0x00000000e0000000, 0x00000000f5580000, 0x00000000f5580000)
  object space 349696K, 99% used [0x00000000e0000000,0x00000000f557ffc0,0x00000000f5580000)
 Metaspace       used 57261K, committed 58176K, reserved 1105920K
  class space    used 5624K, committed 6016K, reserved 1048576K
}
Event: 927.019 GC heap before
{Heap before GC invocations=744 (full 617):
 PSYoungGen      total 65536K, used 45567K [0x00000000f5580000, 0x00000000fab00000, 0x0000000100000000)
  eden space 45568K, 99% used [0x00000000f5580000,0x00000000f81fffd8,0x00000000f8200000)
  from space 19968K, 0% used [0x00000000f8200000,0x00000000f8200000,0x00000000f9580000)
  to   space 17920K, 0% used [0x00000000f9600000,0x00000000f9600000,0x00000000fa780000)
 ParOldGen       total 349696K, used 349695K [0x00000000e0000000, 0x00000000f5580000, 0x00000000f5580000)
  object space 349696K, 99% used [0x00000000e0000000,0x00000000f557ffc0,0x00000000f5580000)
 Metaspace       used 57261K, committed 58176K, reserved 1105920K
  class space    used 5624K, committed 6016K, reserved 1048576K
}
Event: 928.457 GC heap after
{Heap after GC invocations=744 (full 617):
 PSYoungGen      total 63488K, used 45567K [0x00000000f5580000, 0x00000000fab00000, 0x0000000100000000)
  eden space 45568K, 99% used [0x00000000f5580000,0x00000000f81fff88,0x00000000f8200000)
  from space 17920K, 0% used [0x00000000f9600000,0x00000000f9600000,0x00000000fa780000)
  to   space 19968K, 0% used [0x00000000f8200000,0x00000000f8200000,0x00000000f9580000)
 ParOldGen       total 349696K, used 349695K [0x00000000e0000000, 0x00000000f5580000, 0x00000000f5580000)
  object space 349696K, 99% used [0x00000000e0000000,0x00000000f557fc10,0x00000000f5580000)
 Metaspace       used 57261K, committed 58176K, reserved 1105920K
  class space    used 5624K, committed 6016K, reserved 1048576K
}
Event: 928.457 GC heap before
{Heap before GC invocations=745 (full 618):
 PSYoungGen      total 63488K, used 45568K [0x00000000f5580000, 0x00000000fab00000, 0x0000000100000000)
  eden space 45568K, 100% used [0x00000000f5580000,0x00000000f8200000,0x00000000f8200000)
  from space 17920K, 0% used [0x00000000f9600000,0x00000000f9600000,0x00000000fa780000)
  to   space 19968K, 0% used [0x00000000f8200000,0x00000000f8200000,0x00000000f9580000)
 ParOldGen       total 349696K, used 349695K [0x00000000e0000000, 0x00000000f5580000, 0x00000000f5580000)
  object space 349696K, 99% used [0x00000000e0000000,0x00000000f557fcd0,0x00000000f5580000)
 Metaspace       used 57261K, committed 58176K, reserved 1105920K
  class space    used 5624K, committed 6016K, reserved 1048576K
}
Event: 929.929 GC heap after
{Heap after GC invocations=745 (full 618):
 PSYoungGen      total 65536K, used 45567K [0x00000000f5580000, 0x00000000fab00000, 0x0000000100000000)
  eden space 45568K, 99% used [0x00000000f5580000,0x00000000f81fffd0,0x00000000f8200000)
  from space 19968K, 0% used [0x00000000f8200000,0x00000000f8200000,0x00000000f9580000)
  to   space 17920K, 0% used [0x00000000f9600000,0x00000000f9600000,0x00000000fa780000)
 ParOldGen       total 349696K, used 349695K [0x00000000e0000000, 0x00000000f5580000, 0x00000000f5580000)
  object space 349696K, 99% used [0x00000000e0000000,0x00000000f557fc68,0x00000000f5580000)
 Metaspace       used 57261K, committed 58176K, reserved 1105920K
  class space    used 5624K, committed 6016K, reserved 1048576K
}
Event: 929.930 GC heap before
{Heap before GC invocations=746 (full 619):
 PSYoungGen      total 65536K, used 45568K [0x00000000f5580000, 0x00000000fab00000, 0x0000000100000000)
  eden space 45568K, 100% used [0x00000000f5580000,0x00000000f8200000,0x00000000f8200000)
  from space 19968K, 0% used [0x00000000f8200000,0x00000000f8200000,0x00000000f9580000)
  to   space 17920K, 0% used [0x00000000f9600000,0x00000000f9600000,0x00000000fa780000)
 ParOldGen       total 349696K, used 349695K [0x00000000e0000000, 0x00000000f5580000, 0x00000000f5580000)
  object space 349696K, 99% used [0x00000000e0000000,0x00000000f557fff8,0x00000000f5580000)
 Metaspace       used 57261K, committed 58176K, reserved 1105920K
  class space    used 5624K, committed 6016K, reserved 1048576K
}
Event: 931.327 GC heap after
{Heap after GC invocations=746 (full 619):
 PSYoungGen      total 63488K, used 45567K [0x00000000f5580000, 0x00000000fab00000, 0x0000000100000000)
  eden space 45568K, 99% used [0x00000000f5580000,0x00000000f81ffe98,0x00000000f8200000)
  from space 17920K, 0% used [0x00000000f9600000,0x00000000f9600000,0x00000000fa780000)
  to   space 19968K, 0% used [0x00000000f8200000,0x00000000f8200000,0x00000000f9580000)
 ParOldGen       total 349696K, used 349695K [0x00000000e0000000, 0x00000000f5580000, 0x00000000f5580000)
  object space 349696K, 99% used [0x00000000e0000000,0x00000000f557ffd8,0x00000000f5580000)
 Metaspace       used 57261K, committed 58176K, reserved 1105920K
  class space    used 5624K, committed 6016K, reserved 1048576K
}
Event: 931.331 GC heap before
{Heap before GC invocations=747 (full 620):
 PSYoungGen      total 63488K, used 45567K [0x00000000f5580000, 0x00000000fab00000, 0x0000000100000000)
  eden space 45568K, 99% used [0x00000000f5580000,0x00000000f81ffff8,0x00000000f8200000)
  from space 17920K, 0% used [0x00000000f9600000,0x00000000f9600000,0x00000000fa780000)
  to   space 19968K, 0% used [0x00000000f8200000,0x00000000f8200000,0x00000000f9580000)
 ParOldGen       total 349696K, used 349695K [0x00000000e0000000, 0x00000000f5580000, 0x00000000f5580000)
  object space 349696K, 99% used [0x00000000e0000000,0x00000000f557ffd8,0x00000000f5580000)
 Metaspace       used 57261K, committed 58176K, reserved 1105920K
  class space    used 5624K, committed 6016K, reserved 1048576K
}
Event: 932.652 GC heap after
{Heap after GC invocations=747 (full 620):
 PSYoungGen      total 65536K, used 45567K [0x00000000f5580000, 0x00000000fab00000, 0x0000000100000000)
  eden space 45568K, 99% used [0x00000000f5580000,0x00000000f81ffe98,0x00000000f8200000)
  from space 19968K, 0% used [0x00000000f8200000,0x00000000f8200000,0x00000000f9580000)
  to   space 17920K, 0% used [0x00000000f9600000,0x00000000f9600000,0x00000000fa780000)
 ParOldGen       total 349696K, used 349695K [0x00000000e0000000, 0x00000000f5580000, 0x00000000f5580000)
  object space 349696K, 99% used [0x00000000e0000000,0x00000000f557ffd8,0x00000000f5580000)
 Metaspace       used 57261K, committed 58176K, reserved 1105920K
  class space    used 5624K, committed 6016K, reserved 1048576K
}
Event: 932.652 GC heap before
{Heap before GC invocations=748 (full 621):
 PSYoungGen      total 65536K, used 45567K [0x00000000f5580000, 0x00000000fab00000, 0x0000000100000000)
  eden space 45568K, 99% used [0x00000000f5580000,0x00000000f81fff88,0x00000000f8200000)
  from space 19968K, 0% used [0x00000000f8200000,0x00000000f8200000,0x00000000f9580000)
  to   space 17920K, 0% used [0x00000000f9600000,0x00000000f9600000,0x00000000fa780000)
 ParOldGen       total 349696K, used 349695K [0x00000000e0000000, 0x00000000f5580000, 0x00000000f5580000)
  object space 349696K, 99% used [0x00000000e0000000,0x00000000f557ffd8,0x00000000f5580000)
 Metaspace       used 57261K, committed 58176K, reserved 1105920K
  class space    used 5624K, committed 6016K, reserved 1048576K
}
Event: 934.025 GC heap after
{Heap after GC invocations=748 (full 621):
 PSYoungGen      total 63488K, used 45567K [0x00000000f5580000, 0x00000000fab00000, 0x0000000100000000)
  eden space 45568K, 99% used [0x00000000f5580000,0x00000000f81ffe98,0x00000000f8200000)
  from space 17920K, 0% used [0x00000000f9600000,0x00000000f9600000,0x00000000fa780000)
  to   space 19968K, 0% used [0x00000000f8200000,0x00000000f8200000,0x00000000f9580000)
 ParOldGen       total 349696K, used 349695K [0x00000000e0000000, 0x00000000f5580000, 0x00000000f5580000)
  object space 349696K, 99% used [0x00000000e0000000,0x00000000f557ffd8,0x00000000f5580000)
 Metaspace       used 57261K, committed 58176K, reserved 1105920K
  class space    used 5624K, committed 6016K, reserved 1048576K
}
Event: 934.025 GC heap before
{Heap before GC invocations=749 (full 622):
 PSYoungGen      total 63488K, used 45567K [0x00000000f5580000, 0x00000000fab00000, 0x0000000100000000)
  eden space 45568K, 99% used [0x00000000f5580000,0x00000000f81ffe98,0x00000000f8200000)
  from space 17920K, 0% used [0x00000000f9600000,0x00000000f9600000,0x00000000fa780000)
  to   space 19968K, 0% used [0x00000000f8200000,0x00000000f8200000,0x00000000f9580000)
 ParOldGen       total 349696K, used 349695K [0x00000000e0000000, 0x00000000f5580000, 0x00000000f5580000)
  object space 349696K, 99% used [0x00000000e0000000,0x00000000f557ffd8,0x00000000f5580000)
 Metaspace       used 57261K, committed 58176K, reserved 1105920K
  class space    used 5624K, committed 6016K, reserved 1048576K
}
Event: 935.353 GC heap after
{Heap after GC invocations=749 (full 622):
 PSYoungGen      total 65536K, used 45567K [0x00000000f5580000, 0x00000000fab00000, 0x0000000100000000)
  eden space 45568K, 99% used [0x00000000f5580000,0x00000000f81ffe50,0x00000000f8200000)
  from space 19968K, 0% used [0x00000000f8200000,0x00000000f8200000,0x00000000f9580000)
  to   space 17920K, 0% used [0x00000000f9600000,0x00000000f9600000,0x00000000fa780000)
 ParOldGen       total 349696K, used 349695K [0x00000000e0000000, 0x00000000f5580000, 0x00000000f5580000)
  object space 349696K, 99% used [0x00000000e0000000,0x00000000f557ff40,0x00000000f5580000)
 Metaspace       used 57261K, committed 58176K, reserved 1105920K
  class space    used 5624K, committed 6016K, reserved 1048576K
}

